timestamp: 2013-08-09T18:33:57.740000
CREATE TABLE auth_user(
    id INTEGER PRIMARY KEY AUTOINCREMENT,
    first_name CHAR(128),
    last_name CHAR(128),
    email CHAR(512),
    password CHAR(512),
    registration_key CHAR(512),
    reset_password_key CHAR(512),
    registration_id CHAR(512)
);
success!
timestamp: 2013-08-09T18:33:57.967000
CREATE TABLE auth_group(
    id INTEGER PRIMARY KEY AUTOINCREMENT,
    role CHAR(512),
    description TEXT
);
success!
timestamp: 2013-08-09T18:33:58.189000
CREATE TABLE auth_membership(
    id INTEGER PRIMARY KEY AUTOINCREMENT,
    user_id INTEGER REFERENCES auth_user (id) ON DELETE CASCADE,
    group_id INTEGER REFERENCES auth_group (id) ON DELETE CASCADE
);
success!
timestamp: 2013-08-09T18:33:58.345000
CREATE TABLE auth_permission(
    id INTEGER PRIMARY KEY AUTOINCREMENT,
    group_id INTEGER REFERENCES auth_group (id) ON DELETE CASCADE,
    name CHAR(512),
    table_name CHAR(512),
    record_id INTEGER
);
success!
timestamp: 2013-08-09T18:33:58.474000
CREATE TABLE auth_event(
    id INTEGER PRIMARY KEY AUTOINCREMENT,
    time_stamp TIMESTAMP,
    client_ip CHAR(512),
    user_id INTEGER REFERENCES auth_user (id) ON DELETE CASCADE,
    origin CHAR(512),
    description TEXT
);
success!
timestamp: 2013-08-09T18:33:58.629000
CREATE TABLE auth_cas(
    id INTEGER PRIMARY KEY AUTOINCREMENT,
    user_id INTEGER REFERENCES auth_user (id) ON DELETE CASCADE,
    created_on TIMESTAMP,
    service CHAR(512),
    ticket CHAR(512),
    renew CHAR(1)
);
success!
timestamp: 2013-08-09T19:34:40.670000
CREATE TABLE events(
    id INTEGER PRIMARY KEY AUTOINCREMENT,
    name CHAR(512),
    description CHAR(512),
    image_url CHAR(512),
    start_time TIMESTAMP,
    end_time TIMESTAMP,
    venue CHAR(512),
    street_address CHAR(512),
    institute CHAR(512),
    state_ CHAR(512),
    city CHAR(512),
    pincode CHAR(512),
    organisers CHAR(512),
    o_phone CHAR(512),
    o_email CHAR(512),
    o_website CHAR(512),
    fees INTEGER
);
success!
timestamp: 2013-08-09T20:00:01.248000
CREATE TABLE users(
    id INTEGER PRIMARY KEY AUTOINCREMENT,
    username CHAR(512),
    email CHAR(512),
    fb_key CHAR(512),
    fb_id CHAR(512)
);
success!
timestamp: 2013-08-09T20:01:17.289000
CREATE TABLE bookmarks(
    id INTEGER PRIMARY KEY AUTOINCREMENT,
    userid INTEGER REFERENCES users (id) ON DELETE CASCADE,
    eventid INTEGER REFERENCES events (id) ON DELETE CASCADE
);
success!
timestamp: 2013-08-09T20:02:06.120000
ALTER TABLE bookmarks ADD user_ INTEGER REFERENCES users (id) ON DELETE CASCADE;
timestamp: 2013-08-09T20:02:06.451000
ALTER TABLE bookmarks ADD event_ INTEGER REFERENCES events (id) ON DELETE CASCADE;
timestamp: 2013-08-09T20:02:06.802000
CREATE TABLE reviews(
    id INTEGER PRIMARY KEY AUTOINCREMENT,
    event_ INTEGER REFERENCES events (id) ON DELETE CASCADE,
    user_ INTEGER REFERENCES users (id) ON DELETE CASCADE,
    rating DOUBLE,
    description CHAR(512),
    time_ TIMESTAMP
);
success!
timestamp: 2013-08-10T15:57:03.183000
ALTER TABLE events ADD buzz DOUBLE;
timestamp: 2013-08-10T20:31:44.066000
CREATE TABLE image(
    id INTEGER PRIMARY KEY AUTOINCREMENT,
    title CHAR(512),
    filee CHAR(512)
);
success!
timestamp: 2013-08-11T00:22:18.728000
CREATE TABLE buzzz(
    id INTEGER PRIMARY KEY AUTOINCREMENT,
    eventid INTEGER,
    d3GlHits INTEGER,
    d3_7dGlHits INTEGER,
    remGlHits INTEGER,
    GlAttend INTEGER,
    GlNattend INTEGER,
    FrAttend INTEGER,
    FrNattend INTEGER,
    distance INTEGER,
    category INTEGER
);
success!
timestamp: 2013-08-11T01:39:37.400000
CREATE TABLE notifications(
    id INTEGER PRIMARY KEY AUTOINCREMENT,
    user_ INTEGER REFERENCES auth_user (id) ON DELETE CASCADE,
    description CHAR(512),
    time_ TIMESTAMP
);
success!
timestamp: 2013-08-11T02:35:41.170000
CREATE TABLE tags(
    id INTEGER PRIMARY KEY AUTOINCREMENT,
    event_ INTEGER REFERENCES events (id) ON DELETE CASCADE,
    tags CHAR(512)
);
success!
